Build started 02/02/2018 09:43:50.
     1>Project "C:\Users\Tom_Ortal\Desktop\MyPainter\MyPainter\MyPainter.vcxproj" on node 2 (build target(s)).
     1>InitializeBuildStatus:
         Creating "Debug\MyPainter.unsuccessfulbuild" because "AlwaysCreate" was specified.
       ClCompile:
         All outputs are up-to-date.
         All outputs are up-to-date.
       ResourceCompile:
         c:\Program Files (x86)\Microsoft SDKs\Windows\v7.0A\bin\rc.exe /D _DEBUG /D _UNICODE /D UNICODE /D _AFXDLL /l"0x0409" /IDebug\ /nologo /fo"Debug\MyPainter.res" MyPainter.rc 
       ManifestResourceCompile:
         All outputs are up-to-date.
       Link:
         C:\Program Files (x86)\Microsoft Visual Studio 10.0\VC\bin\link.exe /ERRORREPORT:PROMPT /OUT:"C:\Users\Tom_Ortal\Desktop\MyPainter\Debug\MyPainter.exe" /INCREMENTAL /NOLOGO /MANIFEST /ManifestFile:"Debug\MyPainter.exe.intermediate.manifest" /MANIFESTUAC:"level='asInvoker' uiAccess='false'" /DEBUG /PDB:"C:\Users\Tom_Ortal\Desktop\MyPainter\Debug\MyPainter.pdb" /SUBSYSTEM:WINDOWS /TLBID:1 /ENTRY:"wWinMainCRTStartup" /DYNAMICBASE /NXCOMPAT /IMPLIB:"C:\Users\Tom_Ortal\Desktop\MyPainter\Debug\MyPainter.lib" /MACHINE:X86 Debug\MyPainter.res
         Debug\MyPainter.exe.embed.manifest.res
         Debug\Command.obj
         Debug\EllipseM.obj
         Debug\Figure.obj
         Debug\LineM.obj
         Debug\MyPainter.obj
         Debug\MyPainterDlg.obj
         Debug\ParallelogramM.obj
         Debug\RectangleM.obj
         Debug\TrapezoidM.obj
         Debug\RTriangleM.obj
         Debug\shape_add.obj
         Debug\SqureM.obj
         Debug\stdafx.obj
         Debug\TriangleM.obj
       Manifest:
         c:\Program Files (x86)\Microsoft SDKs\Windows\v7.0A\bin\mt.exe /nologo /verbose /out:"Debug\MyPainter.exe.embed.manifest" /manifest Debug\MyPainter.exe.intermediate.manifest "C:\Program Files (x86)\Microsoft Visual Studio 10.0\VC\Include\Manifest\dpiaware.manifest"
         All outputs are up-to-date.
       LinkEmbedManifest:
         All outputs are up-to-date.
         MyPainter.vcxproj -> C:\Users\Tom_Ortal\Desktop\MyPainter\Debug\MyPainter.exe
       FinalizeBuildStatus:
         Deleting file "Debug\MyPainter.unsuccessfulbuild".
         Touching "Debug\MyPainter.lastbuildstate".
     1>Done Building Project "C:\Users\Tom_Ortal\Desktop\MyPainter\MyPainter\MyPainter.vcxproj" (build target(s)).

Build succeeded.

Time Elapsed 00:00:02.28
