C:\USERS\TOM_ORTAL\DESKTOP\MYPAINTER\DEBUG\MYPAINTER.EXE
C:\USERS\TOM_ORTAL\DESKTOP\MYPAINTER\DEBUG\MYPAINTER.ILK
C:\USERS\TOM_ORTAL\DESKTOP\MYPAINTER\DEBUG\MYPAINTER.PDB
C:\Users\Tom_Ortal\Desktop\MyPainter\MyPainter\Debug\cl.command.1.tlog
C:\Users\Tom_Ortal\Desktop\MyPainter\MyPainter\Debug\CL.read.1.tlog
C:\Users\Tom_Ortal\Desktop\MyPainter\MyPainter\Debug\CL.write.1.tlog
C:\USERS\TOM_ORTAL\DESKTOP\MYPAINTER\MYPAINTER\DEBUG\COMMAND.OBJ
C:\USERS\TOM_ORTAL\DESKTOP\MYPAINTER\MYPAINTER\DEBUG\ELLIPSEM.OBJ
C:\USERS\TOM_ORTAL\DESKTOP\MYPAINTER\MYPAINTER\DEBUG\FIGURE.OBJ
C:\USERS\TOM_ORTAL\DESKTOP\MYPAINTER\MYPAINTER\DEBUG\LINEM.OBJ
C:\Users\Tom_Ortal\Desktop\MyPainter\MyPainter\Debug\link.command.1.tlog
C:\Users\Tom_Ortal\Desktop\MyPainter\MyPainter\Debug\link.read.1.tlog
C:\Users\Tom_Ortal\Desktop\MyPainter\MyPainter\Debug\link.write.1.tlog
C:\Users\Tom_Ortal\Desktop\MyPainter\MyPainter\Debug\link-cvtres.read.1.tlog
C:\Users\Tom_Ortal\Desktop\MyPainter\MyPainter\Debug\link-cvtres.write.1.tlog
C:\Users\Tom_Ortal\Desktop\MyPainter\MyPainter\Debug\mt.command.1.tlog
C:\Users\Tom_Ortal\Desktop\MyPainter\MyPainter\Debug\mt.read.1.tlog
C:\Users\Tom_Ortal\Desktop\MyPainter\MyPainter\Debug\mt.write.1.tlog
C:\USERS\TOM_ORTAL\DESKTOP\MYPAINTER\MYPAINTER\DEBUG\MYPAINTER.EXE.EMBED.MANIFEST
C:\USERS\TOM_ORTAL\DESKTOP\MYPAINTER\MYPAINTER\DEBUG\MYPAINTER.EXE.EMBED.MANIFEST.RES
C:\USERS\TOM_ORTAL\DESKTOP\MYPAINTER\MYPAINTER\DEBUG\MYPAINTER.EXE.INTERMEDIATE.MANIFEST
C:\USERS\TOM_ORTAL\DESKTOP\MYPAINTER\MYPAINTER\DEBUG\MYPAINTER.OBJ
C:\USERS\TOM_ORTAL\DESKTOP\MYPAINTER\MYPAINTER\DEBUG\MYPAINTER.PCH
C:\USERS\TOM_ORTAL\DESKTOP\MYPAINTER\MYPAINTER\DEBUG\MYPAINTER.RES
C:\Users\Tom_Ortal\Desktop\MyPainter\MyPainter\Debug\MyPainter.vcxprojResolveAssemblyReference.cache
C:\Users\Tom_Ortal\Desktop\MyPainter\MyPainter\Debug\MyPainter.write.1.tlog
C:\Users\Tom_Ortal\Desktop\MyPainter\MyPainter\Debug\MyPainter_manifest.rc
C:\USERS\TOM_ORTAL\DESKTOP\MYPAINTER\MYPAINTER\DEBUG\MYPAINTERDLG.OBJ
C:\USERS\TOM_ORTAL\DESKTOP\MYPAINTER\MYPAINTER\DEBUG\PARALLELOGRAMM.OBJ
C:\Users\Tom_Ortal\Desktop\MyPainter\MyPainter\Debug\rc.command.1.tlog
C:\Users\Tom_Ortal\Desktop\MyPainter\MyPainter\Debug\rc.read.1.tlog
C:\Users\Tom_Ortal\Desktop\MyPainter\MyPainter\Debug\rc.write.1.tlog
C:\USERS\TOM_ORTAL\DESKTOP\MYPAINTER\MYPAINTER\DEBUG\RECTANGLEM.OBJ
C:\USERS\TOM_ORTAL\DESKTOP\MYPAINTER\MYPAINTER\DEBUG\RTRIANGLEM.OBJ
C:\USERS\TOM_ORTAL\DESKTOP\MYPAINTER\MYPAINTER\DEBUG\SHAPE_ADD.OBJ
C:\USERS\TOM_ORTAL\DESKTOP\MYPAINTER\MYPAINTER\DEBUG\SQUREM.OBJ
C:\USERS\TOM_ORTAL\DESKTOP\MYPAINTER\MYPAINTER\DEBUG\STDAFX.OBJ
C:\USERS\TOM_ORTAL\DESKTOP\MYPAINTER\MYPAINTER\DEBUG\TRAPEZOIDM.OBJ
C:\USERS\TOM_ORTAL\DESKTOP\MYPAINTER\MYPAINTER\DEBUG\TRIANGLEM.OBJ
C:\Users\Tom_Ortal\Desktop\MyPainter\MyPainter\Debug\vc100.idb
C:\USERS\TOM_ORTAL\DESKTOP\MYPAINTER\MYPAINTER\DEBUG\VC100.PDB
